# JRE version: Java(TM) SE Runtime Environment (8.0_201-b09) (build 1.8.0_201-b09)
# Java VM: Java HotSpot(TM) 64-Bit Server VM (25.201-b09 mixed mode windows-amd64 compressed oops)
Heap:
 PSYoungGen      total 674816K, used 506109K [0x00000000d6000000, 0x00000000fff80000, 0x0000000100000000)
  eden space 663040K, 76% used [0x00000000d6000000,0x00000000f4df77e0,0x00000000fe780000)
  from space 11776K, 2% used [0x00000000fe780000,0x00000000fe7c8000,0x00000000ff300000)
  to   space 11264K, 0% used [0x00000000ff480000,0x00000000ff480000,0x00000000fff80000)
 ParOldGen       total 86016K, used 17435K [0x0000000082000000, 0x0000000087400000, 0x00000000d6000000)
  object space 86016K, 20% used [0x0000000082000000,0x0000000083106e48,0x0000000087400000)
 Metaspace       used 15286K, capacity 15946K, committed 16256K, reserved 1062912K
  class space    used 2154K, capacity 2337K, committed 2432K, reserved 1048576K
GC Heap History (10 events):
Event: 5.907 GC heap before
{Heap before GC invocations=11 (full 0):
 PSYoungGen      total 432640K, used 419136K [0x00000000d6000000, 0x00000000f1500000, 0x0000000100000000)
  eden space 418816K, 100% used [0x00000000d6000000,0x00000000ef900000,0x00000000ef900000)
  from space 13824K, 2% used [0x00000000f0780000,0x00000000f07d0000,0x00000000f1500000)
  to   space 14336K, 0% used [0x00000000ef900000,0x00000000ef900000,0x00000000f0700000)
 ParOldGen       total 86016K, used 17307K [0x0000000082000000, 0x0000000087400000, 0x00000000d6000000)
  object space 86016K, 20% used [0x0000000082000000,0x00000000830e6e48,0x0000000087400000)
 Metaspace       used 15236K, capacity 15818K, committed 16000K, reserved 1062912K
  class space    used 2153K, capacity 2337K, committed 2432K, reserved 1048576K
Event: 5.912 GC heap after
Heap after GC invocations=11 (full 0):
 PSYoungGen      total 433152K, used 352K [0x00000000d6000000, 0x0000000100000000, 0x0000000100000000)
  eden space 418816K, 0% used [0x00000000d6000000,0x00000000d6000000,0x00000000ef900000)
  from space 14336K, 2% used [0x00000000ef900000,0x00000000ef958000,0x00000000f0700000)
  to   space 14336K, 0% used [0x00000000ff200000,0x00000000ff200000,0x0000000100000000)
 ParOldGen       total 86016K, used 17323K [0x0000000082000000, 0x0000000087400000, 0x00000000d6000000)
  object space 86016K, 20% used [0x0000000082000000,0x00000000830eae48,0x0000000087400000)
 Metaspace       used 15236K, capacity 15818K, committed 16000K, reserved 1062912K
  class space    used 2153K, capacity 2337K, committed 2432K, reserved 1048576K
}
Event: 6.075 GC heap before
{Heap before GC invocations=12 (full 0):
 PSYoungGen      total 433152K, used 419168K [0x00000000d6000000, 0x0000000100000000, 0x0000000100000000)
  eden space 418816K, 100% used [0x00000000d6000000,0x00000000ef900000,0x00000000ef900000)
  from space 14336K, 2% used [0x00000000ef900000,0x00000000ef958000,0x00000000f0700000)
  to   space 14336K, 0% used [0x00000000ff200000,0x00000000ff200000,0x0000000100000000)
 ParOldGen       total 86016K, used 17323K [0x0000000082000000, 0x0000000087400000, 0x00000000d6000000)
  object space 86016K, 20% used [0x0000000082000000,0x00000000830eae48,0x0000000087400000)
 Metaspace       used 15240K, capacity 15818K, committed 16000K, reserved 1062912K
  class space    used 2153K, capacity 2337K, committed 2432K, reserved 1048576K
Event: 6.077 GC heap after
Heap after GC invocations=12 (full 0):
 PSYoungGen      total 672768K, used 320K [0x00000000d6000000, 0x00000000fff00000, 0x0000000100000000)
  eden space 659456K, 0% used [0x00000000d6000000,0x00000000d6000000,0x00000000fe400000)
  from space 13312K, 2% used [0x00000000ff200000,0x00000000ff250000,0x00000000fff00000)
  to   space 13824K, 0% used [0x00000000fe400000,0x00000000fe400000,0x00000000ff180000)
 ParOldGen       total 86016K, used 17355K [0x0000000082000000, 0x0000000087400000, 0x00000000d6000000)
  object space 86016K, 20% used [0x0000000082000000,0x00000000830f2e48,0x0000000087400000)
 Metaspace       used 15240K, capacity 15818K, committed 16000K, reserved 1062912K
  class space    used 2153K, capacity 2337K, committed 2432K, reserved 1048576K
}
Event: 6.142 GC heap before
{Heap before GC invocations=13 (full 0):
 PSYoungGen      total 672768K, used 659776K [0x00000000d6000000, 0x00000000fff00000, 0x0000000100000000)
  eden space 659456K, 100% used [0x00000000d6000000,0x00000000fe400000,0x00000000fe400000)
  from space 13312K, 2% used [0x00000000ff200000,0x00000000ff250000,0x00000000fff00000)
  to   space 13824K, 0% used [0x00000000fe400000,0x00000000fe400000,0x00000000ff180000)
 ParOldGen       total 86016K, used 17355K [0x0000000082000000, 0x0000000087400000, 0x00000000d6000000)
  object space 86016K, 20% used [0x0000000082000000,0x00000000830f2e48,0x0000000087400000)
 Metaspace       used 15247K, capacity 15818K, committed 16000K, reserved 1062912K
  class space    used 2153K, capacity 2337K, committed 2432K, reserved 1048576K
Event: 6.144 GC heap after
Heap after GC invocations=13 (full 0):
 PSYoungGen      total 673280K, used 416K [0x00000000d6000000, 0x00000000fff80000, 0x0000000100000000)
  eden space 659456K, 0% used [0x00000000d6000000,0x00000000d6000000,0x00000000fe400000)
  from space 13824K, 3% used [0x00000000fe400000,0x00000000fe468000,0x00000000ff180000)
  to   space 13312K, 0% used [0x00000000ff280000,0x00000000ff280000,0x00000000fff80000)
 ParOldGen       total 86016K, used 17371K [0x0000000082000000, 0x0000000087400000, 0x00000000d6000000)
  object space 86016K, 20% used [0x0000000082000000,0x00000000830f6e48,0x0000000087400000)
 Metaspace       used 15247K, capacity 15818K, committed 16000K, reserved 1062912K
  class space    used 2153K, capacity 2337K, committed 2432K, reserved 1048576K
}
Event: 6.243 GC heap before
{Heap before GC invocations=14 (full 0):
 PSYoungGen      total 673280K, used 659872K [0x00000000d6000000, 0x00000000fff80000, 0x0000000100000000)
  eden space 659456K, 100% used [0x00000000d6000000,0x00000000fe400000,0x00000000fe400000)
  from space 13824K, 3% used [0x00000000fe400000,0x00000000fe468000,0x00000000ff180000)
  to   space 13312K, 0% used [0x00000000ff280000,0x00000000ff280000,0x00000000fff80000)
 ParOldGen       total 86016K, used 17371K [0x0000000082000000, 0x0000000087400000, 0x00000000d6000000)
  object space 86016K, 20% used [0x0000000082000000,0x00000000830f6e48,0x0000000087400000)
 Metaspace       used 15252K, capacity 15818K, committed 16000K, reserved 1062912K
  class space    used 2153K, capacity 2337K, committed 2432K, reserved 1048576K
Event: 6.244 GC heap after
Heap after GC invocations=14 (full 0):
 PSYoungGen      total 673280K, used 320K [0x00000000d6000000, 0x00000000ffe80000, 0x0000000100000000)
  eden space 660992K, 0% used [0x00000000d6000000,0x00000000d6000000,0x00000000fe580000)
  from space 12288K, 2% used [0x00000000ff280000,0x00000000ff2d0000,0x00000000ffe80000)
  to   space 12800K, 0% used [0x00000000fe580000,0x00000000fe580000,0x00000000ff200000)
 ParOldGen       total 86016K, used 17395K [0x0000000082000000, 0x0000000087400000, 0x00000000d6000000)
  object space 86016K, 20% used [0x0000000082000000,0x00000000830fce48,0x0000000087400000)
 Metaspace       used 15252K, capacity 15818K, committed 16000K, reserved 1062912K
  class space    used 2153K, capacity 2337K, committed 2432K, reserved 1048576K
}
Event: 6.354 GC heap before
{Heap before GC invocations=15 (full 0):
 PSYoungGen      total 673280K, used 661312K [0x00000000d6000000, 0x00000000ffe80000, 0x0000000100000000)
  eden space 660992K, 100% used [0x00000000d6000000,0x00000000fe580000,0x00000000fe580000)
  from space 12288K, 2% used [0x00000000ff280000,0x00000000ff2d0000,0x00000000ffe80000)
  to   space 12800K, 0% used [0x00000000fe580000,0x00000000fe580000,0x00000000ff200000)
 ParOldGen       total 86016K, used 17395K [0x0000000082000000, 0x0000000087400000, 0x00000000d6000000)
  object space 86016K, 20% used [0x0000000082000000,0x00000000830fce48,0x0000000087400000)
 Metaspace       used 15262K, capacity 15818K, committed 16000K, reserved 1062912K
  class space    used 2153K, capacity 2337K, committed 2432K, reserved 1048576K
Event: 6.356 GC heap after
Heap after GC invocations=15 (full 0):
 PSYoungGen      total 673792K, used 320K [0x00000000d6000000, 0x00000000fff80000, 0x0000000100000000)
  eden space 660992K, 0% used [0x00000000d6000000,0x00000000d6000000,0x00000000fe580000)
  from space 12800K, 2% used [0x00000000fe580000,0x00000000fe5d0000,0x00000000ff200000)
  to   space 12288K, 0% used [0x00000000ff380000,0x00000000ff380000,0x00000000fff80000)
 ParOldGen       total 86016K, used 17411K [0x0000000082000000, 0x0000000087400000, 0x00000000d6000000)
  object space 86016K, 20% used [0x0000000082000000,0x0000000083100e48,0x0000000087400000)
 Metaspace       used 15262K, capacity 15818K, committed 16000K, reserved 1062912K
  class space    used 2153K, capacity 2337K, committed 2432K, reserved 1048576K
}

