# JRE version: Java(TM) SE Runtime Environment (8.0_201-b09) (build 1.8.0_201-b09)
# Java VM: Java HotSpot(TM) 64-Bit Server VM (25.201-b09 mixed mode windows-amd64 compressed oops)
Heap:
 PSYoungGen      total 685568K, used 66791K [0x00000000d6000000, 0x0000000100000000, 0x0000000100000000)
  eden space 684032K, 9% used [0x00000000d6000000,0x00000000da109f10,0x00000000ffc00000)
  from space 1536K, 12% used [0x00000000ffc00000,0x00000000ffc30000,0x00000000ffd80000)
  to   space 1536K, 0% used [0x00000000ffe80000,0x00000000ffe80000,0x0000000100000000)
 ParOldGen       total 86016K, used 19466K [0x0000000082000000, 0x0000000087400000, 0x00000000d6000000)
  object space 86016K, 22% used [0x0000000082000000,0x0000000083302950,0x0000000087400000)
 Metaspace       used 15469K, capacity 16044K, committed 16256K, reserved 1062912K
  class space    used 2141K, capacity 2306K, committed 2432K, reserved 1048576K
GC Heap History (10 events):
Event: 6.663 GC heap before
{Heap before GC invocations=43 (full 0):
 PSYoungGen      total 685568K, used 683264K [0x00000000d6000000, 0x0000000100000000, 0x0000000100000000)
  eden space 683008K, 100% used [0x00000000d6000000,0x00000000ffb00000,0x00000000ffb00000)
  from space 2560K, 10% used [0x00000000ffd80000,0x00000000ffdc0000,0x0000000100000000)
  to   space 2560K, 0% used [0x00000000ffb00000,0x00000000ffb00000,0x00000000ffd80000)
 ParOldGen       total 86016K, used 18971K [0x0000000082000000, 0x0000000087400000, 0x00000000d6000000)
  object space 86016K, 22% used [0x0000000082000000,0x0000000083286f70,0x0000000087400000)
 Metaspace       used 15457K, capacity 16044K, committed 16256K, reserved 1062912K
  class space    used 2141K, capacity 2306K, committed 2432K, reserved 1048576K
Event: 6.664 GC heap after
Heap after GC invocations=43 (full 0):
 PSYoungGen      total 683520K, used 288K [0x00000000d6000000, 0x00000000fff00000, 0x0000000100000000)
  eden space 683008K, 0% used [0x00000000d6000000,0x00000000d6000000,0x00000000ffb00000)
  from space 512K, 56% used [0x00000000ffb00000,0x00000000ffb48000,0x00000000ffb80000)
  to   space 2048K, 0% used [0x00000000ffd00000,0x00000000ffd00000,0x00000000fff00000)
 ParOldGen       total 86016K, used 19043K [0x0000000082000000, 0x0000000087400000, 0x00000000d6000000)
  object space 86016K, 22% used [0x0000000082000000,0x0000000083298e90,0x0000000087400000)
 Metaspace       used 15457K, capacity 16044K, committed 16256K, reserved 1062912K
  class space    used 2141K, capacity 2306K, committed 2432K, reserved 1048576K
}
Event: 6.730 GC heap before
{Heap before GC invocations=44 (full 0):
 PSYoungGen      total 683520K, used 683296K [0x00000000d6000000, 0x00000000fff00000, 0x0000000100000000)
  eden space 683008K, 100% used [0x00000000d6000000,0x00000000ffb00000,0x00000000ffb00000)
  from space 512K, 56% used [0x00000000ffb00000,0x00000000ffb48000,0x00000000ffb80000)
  to   space 2048K, 0% used [0x00000000ffd00000,0x00000000ffd00000,0x00000000fff00000)
 ParOldGen       total 86016K, used 19043K [0x0000000082000000, 0x0000000087400000, 0x00000000d6000000)
  object space 86016K, 22% used [0x0000000082000000,0x0000000083298e90,0x0000000087400000)
 Metaspace       used 15458K, capacity 16044K, committed 16256K, reserved 1062912K
  class space    used 2141K, capacity 2306K, committed 2432K, reserved 1048576K
Event: 6.732 GC heap after
Heap after GC invocations=44 (full 0):
 PSYoungGen      total 685056K, used 288K [0x00000000d6000000, 0x0000000100000000, 0x0000000100000000)
  eden space 683008K, 0% used [0x00000000d6000000,0x00000000d6000000,0x00000000ffb00000)
  from space 2048K, 14% used [0x00000000ffd00000,0x00000000ffd48000,0x00000000fff00000)
  to   space 2048K, 0% used [0x00000000ffb00000,0x00000000ffb00000,0x00000000ffd00000)
 ParOldGen       total 86016K, used 19123K [0x0000000082000000, 0x0000000087400000, 0x00000000d6000000)
  object space 86016K, 22% used [0x0000000082000000,0x00000000832acdb0,0x0000000087400000)
 Metaspace       used 15458K, capacity 16044K, committed 16256K, reserved 1062912K
  class space    used 2141K, capacity 2306K, committed 2432K, reserved 1048576K
}
Event: 6.793 GC heap before
{Heap before GC invocations=45 (full 0):
 PSYoungGen      total 685056K, used 683296K [0x00000000d6000000, 0x0000000100000000, 0x0000000100000000)
  eden space 683008K, 100% used [0x00000000d6000000,0x00000000ffb00000,0x00000000ffb00000)
  from space 2048K, 14% used [0x00000000ffd00000,0x00000000ffd48000,0x00000000fff00000)
  to   space 2048K, 0% used [0x00000000ffb00000,0x00000000ffb00000,0x00000000ffd00000)
 ParOldGen       total 86016K, used 19123K [0x0000000082000000, 0x0000000087400000, 0x00000000d6000000)
  object space 86016K, 22% used [0x0000000082000000,0x00000000832acdb0,0x0000000087400000)
 Metaspace       used 15461K, capacity 16044K, committed 16256K, reserved 1062912K
  class space    used 2141K, capacity 2306K, committed 2432K, reserved 1048576K
Event: 6.795 GC heap after
Heap after GC invocations=45 (full 0):
 PSYoungGen      total 685056K, used 256K [0x00000000d6000000, 0x0000000100000000, 0x0000000100000000)
  eden space 683008K, 0% used [0x00000000d6000000,0x00000000d6000000,0x00000000ffb00000)
  from space 2048K, 12% used [0x00000000ffb00000,0x00000000ffb40000,0x00000000ffd00000)
  to   space 2048K, 0% used [0x00000000ffe00000,0x00000000ffe00000,0x0000000100000000)
 ParOldGen       total 86016K, used 19195K [0x0000000082000000, 0x0000000087400000, 0x00000000d6000000)
  object space 86016K, 22% used [0x0000000082000000,0x00000000832becd0,0x0000000087400000)
 Metaspace       used 15461K, capacity 16044K, committed 16256K, reserved 1062912K
  class space    used 2141K, capacity 2306K, committed 2432K, reserved 1048576K
}
Event: 6.869 GC heap before
{Heap before GC invocations=46 (full 0):
 PSYoungGen      total 685056K, used 683264K [0x00000000d6000000, 0x0000000100000000, 0x0000000100000000)
  eden space 683008K, 100% used [0x00000000d6000000,0x00000000ffb00000,0x00000000ffb00000)
  from space 2048K, 12% used [0x00000000ffb00000,0x00000000ffb40000,0x00000000ffd00000)
  to   space 2048K, 0% used [0x00000000ffe00000,0x00000000ffe00000,0x0000000100000000)
 ParOldGen       total 86016K, used 19195K [0x0000000082000000, 0x0000000087400000, 0x00000000d6000000)
  object space 86016K, 22% used [0x0000000082000000,0x00000000832becd0,0x0000000087400000)
 Metaspace       used 15464K, capacity 16044K, committed 16256K, reserved 1062912K
  class space    used 2141K, capacity 2306K, committed 2432K, reserved 1048576K
Event: 6.870 GC heap after
Heap after GC invocations=46 (full 0):
 PSYoungGen      total 686080K, used 256K [0x00000000d6000000, 0x0000000100000000, 0x0000000100000000)
  eden space 684032K, 0% used [0x00000000d6000000,0x00000000d6000000,0x00000000ffc00000)
  from space 2048K, 12% used [0x00000000ffe00000,0x00000000ffe40000,0x0000000100000000)
  to   space 2048K, 0% used [0x00000000ffc00000,0x00000000ffc00000,0x00000000ffe00000)
 ParOldGen       total 86016K, used 19258K [0x0000000082000000, 0x0000000087400000, 0x00000000d6000000)
  object space 86016K, 22% used [0x0000000082000000,0x00000000832cebf0,0x0000000087400000)
 Metaspace       used 15464K, capacity 16044K, committed 16256K, reserved 1062912K
  class space    used 2141K, capacity 2306K, committed 2432K, reserved 1048576K
}
Event: 6.956 GC heap before
{Heap before GC invocations=47 (full 0):
 PSYoungGen      total 686080K, used 684288K [0x00000000d6000000, 0x0000000100000000, 0x0000000100000000)
  eden space 684032K, 100% used [0x00000000d6000000,0x00000000ffc00000,0x00000000ffc00000)
  from space 2048K, 12% used [0x00000000ffe00000,0x00000000ffe40000,0x0000000100000000)
  to   space 2048K, 0% used [0x00000000ffc00000,0x00000000ffc00000,0x00000000ffe00000)
 ParOldGen       total 86016K, used 19258K [0x0000000082000000, 0x0000000087400000, 0x00000000d6000000)
  object space 86016K, 22% used [0x0000000082000000,0x00000000832cebf0,0x0000000087400000)
 Metaspace       used 15465K, capacity 16044K, committed 16256K, reserved 1062912K
  class space    used 2141K, capacity 2306K, committed 2432K, reserved 1048576K
Event: 6.957 GC heap after
Heap after GC invocations=47 (full 0):
 PSYoungGen      total 684544K, used 256K [0x00000000d6000000, 0x00000000fff00000, 0x0000000100000000)
  eden space 684032K, 0% used [0x00000000d6000000,0x00000000d6000000,0x00000000ffc00000)
  from space 512K, 50% used [0x00000000ffc00000,0x00000000ffc40000,0x00000000ffc80000)
  to   space 1536K, 0% used [0x00000000ffd80000,0x00000000ffd80000,0x00000000fff00000)
 ParOldGen       total 86016K, used 19338K [0x0000000082000000, 0x0000000087400000, 0x00000000d6000000)
  object space 86016K, 22% used [0x0000000082000000,0x00000000832e2b10,0x0000000087400000)
 Metaspace       used 15465K, capacity 16044K, committed 16256K, reserved 1062912K
  class space    used 2141K, capacity 2306K, committed 2432K, reserved 1048576K
}

